{
  "C:\\Users\\ravi.rajesh\\Desktop\\monk\\src\\db.js": {
    "path": "C:\\Users\\ravi.rajesh\\Desktop\\monk\\src\\db.js",
    "statementMap": {
      "0": {
        "start": { "line": 1, "column": 22 },
        "end": { "line": 1, "column": 42 }
      },
      "1": {
        "start": { "line": 2, "column": 0 },
        "end": { "line": 2, "column": 27 }
      },
      "2": {
        "start": { "line": 4, "column": 18 },
        "end": { "line": 13, "column": 1 }
      },
      "3": {
        "start": { "line": 15, "column": 18 },
        "end": { "line": 22, "column": 1 }
      },
      "4": {
        "start": { "line": 16, "column": 2 },
        "end": { "line": 21, "column": 3 }
      },
      "5": {
        "start": { "line": 17, "column": 4 },
        "end": { "line": 17, "column": 35 }
      },
      "6": {
        "start": { "line": 18, "column": 4 },
        "end": { "line": 18, "column": 74 }
      },
      "7": {
        "start": { "line": 20, "column": 4 },
        "end": { "line": 20, "column": 63 }
      },
      "8": {
        "start": { "line": 24, "column": 0 },
        "end": { "line": 27, "column": 2 }
      }
    },
    "fnMap": {
      "0": {
        "name": "(anonymous_0)",
        "decl": {
          "start": { "line": 15, "column": 18 },
          "end": { "line": 15, "column": 19 }
        },
        "loc": {
          "start": { "line": 15, "column": 30 },
          "end": { "line": 22, "column": 1 }
        },
        "line": 15
      }
    },
    "branchMap": {},
    "s": {
      "0": 1,
      "1": 1,
      "2": 1,
      "3": 1,
      "4": 0,
      "5": 0,
      "6": 0,
      "7": 0,
      "8": 1
    },
    "f": { "0": 0 },
    "b": {},
    "_coverageSchema": "1a1c01bbd47fc00a2c39e90264f33305004495a9",
    "hash": "4186a63f46ecf14d4ac0ef7d12061451abaa4ce4"
  },
  "C:\\Users\\ravi.rajesh\\Desktop\\monk\\src\\controllers\\couponController.js": {
    "path": "C:\\Users\\ravi.rajesh\\Desktop\\monk\\src\\controllers\\couponController.js",
    "statementMap": {
      "0": {
        "start": { "line": 1, "column": 26 },
        "end": { "line": 1, "column": 46 }
      },
      "1": {
        "start": { "line": 2, "column": 25 },
        "end": { "line": 2, "column": 57 }
      },
      "2": {
        "start": { "line": 6, "column": 4 },
        "end": { "line": 11, "column": 5 }
      },
      "3": {
        "start": { "line": 7, "column": 24 },
        "end": { "line": 7, "column": 59 }
      },
      "4": {
        "start": { "line": 8, "column": 6 },
        "end": { "line": 8, "column": 23 }
      },
      "5": {
        "start": { "line": 10, "column": 6 },
        "end": { "line": 10, "column": 61 }
      },
      "6": {
        "start": { "line": 15, "column": 4 },
        "end": { "line": 20, "column": 5 }
      },
      "7": {
        "start": { "line": 16, "column": 22 },
        "end": { "line": 16, "column": 50 }
      },
      "8": {
        "start": { "line": 17, "column": 6 },
        "end": { "line": 17, "column": 21 }
      },
      "9": {
        "start": { "line": 19, "column": 6 },
        "end": { "line": 19, "column": 61 }
      },
      "10": {
        "start": { "line": 24, "column": 4 },
        "end": { "line": 32, "column": 5 }
      },
      "11": {
        "start": { "line": 25, "column": 21 },
        "end": { "line": 25, "column": 63 }
      },
      "12": {
        "start": { "line": 26, "column": 6 },
        "end": { "line": 28, "column": 7 }
      },
      "13": {
        "start": { "line": 27, "column": 8 },
        "end": { "line": 27, "column": 26 }
      },
      "14": {
        "start": { "line": 29, "column": 6 },
        "end": { "line": 29, "column": 20 }
      },
      "15": {
        "start": { "line": 31, "column": 6 },
        "end": { "line": 31, "column": 60 }
      },
      "16": {
        "start": { "line": 36, "column": 4 },
        "end": { "line": 62, "column": 5 }
      },
      "17": {
        "start": { "line": 37, "column": 19 },
        "end": { "line": 37, "column": 27 }
      },
      "18": {
        "start": { "line": 38, "column": 17 },
        "end": { "line": 38, "column": 30 }
      },
      "19": {
        "start": { "line": 40, "column": 24 },
        "end": { "line": 40, "column": 55 }
      },
      "20": {
        "start": { "line": 41, "column": 6 },
        "end": { "line": 43, "column": 7 }
      },
      "21": {
        "start": { "line": 42, "column": 8 },
        "end": { "line": 42, "column": 44 }
      },
      "22": {
        "start": { "line": 45, "column": 19 },
        "end": { "line": 45, "column": 46 }
      },
      "23": {
        "start": { "line": 46, "column": 31 },
        "end": { "line": 46, "column": 82 }
      },
      "24": {
        "start": { "line": 47, "column": 25 },
        "end": { "line": 47, "column": 64 }
      },
      "25": {
        "start": { "line": 48, "column": 27 },
        "end": { "line": 52, "column": 7 }
      },
      "26": {
        "start": { "line": 53, "column": 24 },
        "end": { "line": 55, "column": 8 }
      },
      "27": {
        "start": { "line": 56, "column": 6 },
        "end": { "line": 59, "column": 7 }
      },
      "28": {
        "start": { "line": 57, "column": 30 },
        "end": { "line": 57, "column": 61 }
      },
      "29": {
        "start": { "line": 58, "column": 8 },
        "end": { "line": 58, "column": 29 }
      },
      "30": {
        "start": { "line": 61, "column": 6 },
        "end": { "line": 61, "column": 61 }
      },
      "31": {
        "start": { "line": 66, "column": 4 },
        "end": { "line": 76, "column": 5 }
      },
      "32": {
        "start": { "line": 67, "column": 22 },
        "end": { "line": 69, "column": 8 }
      },
      "33": {
        "start": { "line": 70, "column": 6 },
        "end": { "line": 72, "column": 7 }
      },
      "34": {
        "start": { "line": 71, "column": 8 },
        "end": { "line": 71, "column": 58 }
      },
      "35": {
        "start": { "line": 73, "column": 6 },
        "end": { "line": 73, "column": 24 }
      },
      "36": {
        "start": { "line": 75, "column": 6 },
        "end": { "line": 75, "column": 61 }
      },
      "37": {
        "start": { "line": 80, "column": 4 },
        "end": { "line": 162, "column": 5 }
      },
      "38": {
        "start": { "line": 81, "column": 19 },
        "end": { "line": 81, "column": 27 }
      },
      "39": {
        "start": { "line": 82, "column": 24 },
        "end": { "line": 82, "column": 25 }
      },
      "40": {
        "start": { "line": 83, "column": 15 },
        "end": { "line": 83, "column": 17 }
      },
      "41": {
        "start": { "line": 84, "column": 6 },
        "end": { "line": 87, "column": 7 }
      },
      "42": {
        "start": { "line": 85, "column": 8 },
        "end": { "line": 85, "column": 34 }
      },
      "43": {
        "start": { "line": 86, "column": 8 },
        "end": { "line": 86, "column": 32 }
      },
      "44": {
        "start": { "line": 89, "column": 32 },
        "end": { "line": 102, "column": 8 }
      },
      "45": {
        "start": { "line": 104, "column": 30 },
        "end": { "line": 157, "column": 8 }
      },
      "46": {
        "start": { "line": 105, "column": 29 },
        "end": { "line": 105, "column": 30 }
      },
      "47": {
        "start": { "line": 106, "column": 8 },
        "end": { "line": 151, "column": 9 }
      },
      "48": {
        "start": { "line": 107, "column": 10 },
        "end": { "line": 107, "column": 79 }
      },
      "49": {
        "start": { "line": 108, "column": 10 },
        "end": { "line": 108, "column": 95 }
      },
      "50": {
        "start": { "line": 109, "column": 15 },
        "end": { "line": 151, "column": 9 }
      },
      "51": {
        "start": { "line": 110, "column": 21 },
        "end": { "line": 110, "column": 22 }
      },
      "52": {
        "start": { "line": 111, "column": 10 },
        "end": { "line": 114, "column": 11 }
      },
      "53": {
        "start": { "line": 112, "column": 12 },
        "end": { "line": 113, "column": 33 }
      },
      "54": {
        "start": { "line": 113, "column": 14 },
        "end": { "line": 113, "column": 33 }
      },
      "55": {
        "start": { "line": 115, "column": 10 },
        "end": { "line": 115, "column": 72 }
      },
      "56": {
        "start": { "line": 116, "column": 10 },
        "end": { "line": 116, "column": 95 }
      },
      "57": {
        "start": { "line": 118, "column": 21 },
        "end": { "line": 118, "column": 22 }
      },
      "58": {
        "start": { "line": 119, "column": 25 },
        "end": { "line": 119, "column": 26 }
      },
      "59": {
        "start": { "line": 120, "column": 25 },
        "end": { "line": 120, "column": 26 }
      },
      "60": {
        "start": { "line": 121, "column": 35 },
        "end": { "line": 121, "column": 36 }
      },
      "61": {
        "start": { "line": 122, "column": 31 },
        "end": { "line": 122, "column": 32 }
      },
      "62": {
        "start": { "line": 124, "column": 10 },
        "end": { "line": 128, "column": 11 }
      },
      "63": {
        "start": { "line": 125, "column": 12 },
        "end": { "line": 127, "column": 13 }
      },
      "64": {
        "start": { "line": 126, "column": 14 },
        "end": { "line": 126, "column": 28 }
      },
      "65": {
        "start": { "line": 130, "column": 10 },
        "end": { "line": 130, "column": 127 }
      },
      "66": {
        "start": { "line": 132, "column": 10 },
        "end": { "line": 132, "column": 23 }
      },
      "67": {
        "start": { "line": 133, "column": 10 },
        "end": { "line": 133, "column": 23 }
      },
      "68": {
        "start": { "line": 135, "column": 10 },
        "end": { "line": 146, "column": 11 }
      },
      "69": {
        "start": { "line": 136, "column": 12 },
        "end": { "line": 138, "column": 13 }
      },
      "70": {
        "start": { "line": 137, "column": 14 },
        "end": { "line": 137, "column": 28 }
      },
      "71": {
        "start": { "line": 140, "column": 12 },
        "end": { "line": 145, "column": 13 }
      },
      "72": {
        "start": { "line": 141, "column": 14 },
        "end": { "line": 144, "column": 15 }
      },
      "73": {
        "start": { "line": 142, "column": 16 },
        "end": { "line": 142, "column": 30 }
      },
      "74": {
        "start": { "line": 143, "column": 16 },
        "end": { "line": 143, "column": 35 }
      },
      "75": {
        "start": { "line": 148, "column": 10 },
        "end": { "line": 150, "column": 11 }
      },
      "76": {
        "start": { "line": 149, "column": 12 },
        "end": { "line": 149, "column": 48 }
      },
      "77": {
        "start": { "line": 152, "column": 8 },
        "end": { "line": 156, "column": 10 }
      },
      "78": {
        "start": { "line": 159, "column": 6 },
        "end": { "line": 159, "column": 29 }
      },
      "79": {
        "start": { "line": 161, "column": 6 },
        "end": { "line": 161, "column": 72 }
      },
      "80": {
        "start": { "line": 166, "column": 4 },
        "end": { "line": 235, "column": 5 }
      },
      "81": {
        "start": { "line": 167, "column": 21 },
        "end": { "line": 167, "column": 73 }
      },
      "82": {
        "start": { "line": 168, "column": 19 },
        "end": { "line": 168, "column": 27 }
      },
      "83": {
        "start": { "line": 170, "column": 6 },
        "end": { "line": 172, "column": 7 }
      },
      "84": {
        "start": { "line": 171, "column": 8 },
        "end": { "line": 171, "column": 26 }
      },
      "85": {
        "start": { "line": 174, "column": 24 },
        "end": { "line": 174, "column": 25 }
      },
      "86": {
        "start": { "line": 175, "column": 15 },
        "end": { "line": 175, "column": 17 }
      },
      "87": {
        "start": { "line": 176, "column": 6 },
        "end": { "line": 179, "column": 7 }
      },
      "88": {
        "start": { "line": 177, "column": 8 },
        "end": { "line": 177, "column": 34 }
      },
      "89": {
        "start": { "line": 178, "column": 8 },
        "end": { "line": 178, "column": 32 }
      },
      "90": {
        "start": { "line": 181, "column": 27 },
        "end": { "line": 181, "column": 28 }
      },
      "91": {
        "start": { "line": 182, "column": 6 },
        "end": { "line": 226, "column": 7 }
      },
      "92": {
        "start": { "line": 183, "column": 8 },
        "end": { "line": 183, "column": 77 }
      },
      "93": {
        "start": { "line": 184, "column": 8 },
        "end": { "line": 184, "column": 93 }
      },
      "94": {
        "start": { "line": 185, "column": 13 },
        "end": { "line": 226, "column": 7 }
      },
      "95": {
        "start": { "line": 186, "column": 19 },
        "end": { "line": 186, "column": 20 }
      },
      "96": {
        "start": { "line": 187, "column": 8 },
        "end": { "line": 190, "column": 9 }
      },
      "97": {
        "start": { "line": 188, "column": 10 },
        "end": { "line": 189, "column": 31 }
      },
      "98": {
        "start": { "line": 189, "column": 12 },
        "end": { "line": 189, "column": 31 }
      },
      "99": {
        "start": { "line": 191, "column": 8 },
        "end": { "line": 191, "column": 70 }
      },
      "100": {
        "start": { "line": 192, "column": 8 },
        "end": { "line": 192, "column": 93 }
      },
      "101": {
        "start": { "line": 194, "column": 19 },
        "end": { "line": 194, "column": 20 }
      },
      "102": {
        "start": { "line": 195, "column": 23 },
        "end": { "line": 195, "column": 24 }
      },
      "103": {
        "start": { "line": 196, "column": 23 },
        "end": { "line": 196, "column": 24 }
      },
      "104": {
        "start": { "line": 197, "column": 33 },
        "end": { "line": 197, "column": 34 }
      },
      "105": {
        "start": { "line": 199, "column": 8 },
        "end": { "line": 203, "column": 9 }
      },
      "106": {
        "start": { "line": 200, "column": 10 },
        "end": { "line": 202, "column": 11 }
      },
      "107": {
        "start": { "line": 201, "column": 12 },
        "end": { "line": 201, "column": 26 }
      },
      "108": {
        "start": { "line": 205, "column": 8 },
        "end": { "line": 205, "column": 125 }
      },
      "109": {
        "start": { "line": 207, "column": 8 },
        "end": { "line": 207, "column": 21 }
      },
      "110": {
        "start": { "line": 208, "column": 8 },
        "end": { "line": 208, "column": 21 }
      },
      "111": {
        "start": { "line": 210, "column": 8 },
        "end": { "line": 221, "column": 9 }
      },
      "112": {
        "start": { "line": 211, "column": 10 },
        "end": { "line": 213, "column": 11 }
      },
      "113": {
        "start": { "line": 212, "column": 12 },
        "end": { "line": 212, "column": 26 }
      },
      "114": {
        "start": { "line": 215, "column": 10 },
        "end": { "line": 220, "column": 11 }
      },
      "115": {
        "start": { "line": 216, "column": 12 },
        "end": { "line": 219, "column": 13 }
      },
      "116": {
        "start": { "line": 217, "column": 14 },
        "end": { "line": 217, "column": 28 }
      },
      "117": {
        "start": { "line": 218, "column": 14 },
        "end": { "line": 218, "column": 33 }
      },
      "118": {
        "start": { "line": 223, "column": 8 },
        "end": { "line": 225, "column": 9 }
      },
      "119": {
        "start": { "line": 224, "column": 10 },
        "end": { "line": 224, "column": 46 }
      },
      "120": {
        "start": { "line": 228, "column": 6 },
        "end": { "line": 232, "column": 8 }
      },
      "121": {
        "start": { "line": 234, "column": 6 },
        "end": { "line": 234, "column": 60 }
      },
      "122": {
        "start": { "line": 239, "column": 0 },
        "end": { "line": 239, "column": 34 }
      }
    },
    "fnMap": {
      "0": {
        "name": "(anonymous_0)",
        "decl": {
          "start": { "line": 5, "column": 2 },
          "end": { "line": 5, "column": 3 }
        },
        "loc": {
          "start": { "line": 5, "column": 26 },
          "end": { "line": 12, "column": 3 }
        },
        "line": 5
      },
      "1": {
        "name": "(anonymous_1)",
        "decl": {
          "start": { "line": 14, "column": 2 },
          "end": { "line": 14, "column": 3 }
        },
        "loc": {
          "start": { "line": 14, "column": 25 },
          "end": { "line": 21, "column": 3 }
        },
        "line": 14
      },
      "2": {
        "name": "(anonymous_2)",
        "decl": {
          "start": { "line": 23, "column": 2 },
          "end": { "line": 23, "column": 3 }
        },
        "loc": {
          "start": { "line": 23, "column": 28 },
          "end": { "line": 33, "column": 3 }
        },
        "line": 23
      },
      "3": {
        "name": "(anonymous_3)",
        "decl": {
          "start": { "line": 35, "column": 2 },
          "end": { "line": 35, "column": 3 }
        },
        "loc": {
          "start": { "line": 35, "column": 26 },
          "end": { "line": 63, "column": 3 }
        },
        "line": 35
      },
      "4": {
        "name": "(anonymous_4)",
        "decl": {
          "start": { "line": 65, "column": 2 },
          "end": { "line": 65, "column": 3 }
        },
        "loc": {
          "start": { "line": 65, "column": 26 },
          "end": { "line": 77, "column": 3 }
        },
        "line": 65
      },
      "5": {
        "name": "(anonymous_5)",
        "decl": {
          "start": { "line": 79, "column": 2 },
          "end": { "line": 79, "column": 3 }
        },
        "loc": {
          "start": { "line": 79, "column": 34 },
          "end": { "line": 163, "column": 3 }
        },
        "line": 79
      },
      "6": {
        "name": "(anonymous_6)",
        "decl": {
          "start": { "line": 104, "column": 52 },
          "end": { "line": 104, "column": 53 }
        },
        "loc": {
          "start": { "line": 104, "column": 62 },
          "end": { "line": 157, "column": 7 }
        },
        "line": 104
      },
      "7": {
        "name": "(anonymous_7)",
        "decl": {
          "start": { "line": 165, "column": 2 },
          "end": { "line": 165, "column": 3 }
        },
        "loc": {
          "start": { "line": 165, "column": 25 },
          "end": { "line": 236, "column": 3 }
        },
        "line": 165
      }
    },
    "branchMap": {
      "0": {
        "loc": {
          "start": { "line": 26, "column": 6 },
          "end": { "line": 28, "column": 7 }
        },
        "type": "if",
        "locations": [
          {
            "start": { "line": 26, "column": 6 },
            "end": { "line": 28, "column": 7 }
          },
          { "start": {}, "end": {} }
        ],
        "line": 26
      },
      "1": {
        "loc": {
          "start": { "line": 41, "column": 6 },
          "end": { "line": 43, "column": 7 }
        },
        "type": "if",
        "locations": [
          {
            "start": { "line": 41, "column": 6 },
            "end": { "line": 43, "column": 7 }
          },
          { "start": {}, "end": {} }
        ],
        "line": 41
      },
      "2": {
        "loc": {
          "start": { "line": 45, "column": 19 },
          "end": { "line": 45, "column": 46 }
        },
        "type": "binary-expr",
        "locations": [
          {
            "start": { "line": 45, "column": 19 },
            "end": { "line": 45, "column": 28 }
          },
          {
            "start": { "line": 45, "column": 32 },
            "end": { "line": 45, "column": 46 }
          }
        ],
        "line": 45
      },
      "3": {
        "loc": {
          "start": { "line": 46, "column": 31 },
          "end": { "line": 46, "column": 82 }
        },
        "type": "binary-expr",
        "locations": [
          {
            "start": { "line": 46, "column": 31 },
            "end": { "line": 46, "column": 52 }
          },
          {
            "start": { "line": 46, "column": 56 },
            "end": { "line": 46, "column": 82 }
          }
        ],
        "line": 46
      },
      "4": {
        "loc": {
          "start": { "line": 47, "column": 25 },
          "end": { "line": 47, "column": 64 }
        },
        "type": "binary-expr",
        "locations": [
          {
            "start": { "line": 47, "column": 25 },
            "end": { "line": 47, "column": 40 }
          },
          {
            "start": { "line": 47, "column": 44 },
            "end": { "line": 47, "column": 64 }
          }
        ],
        "line": 47
      },
      "5": {
        "loc": {
          "start": { "line": 56, "column": 6 },
          "end": { "line": 59, "column": 7 }
        },
        "type": "if",
        "locations": [
          {
            "start": { "line": 56, "column": 6 },
            "end": { "line": 59, "column": 7 }
          },
          { "start": {}, "end": {} }
        ],
        "line": 56
      },
      "6": {
        "loc": {
          "start": { "line": 70, "column": 6 },
          "end": { "line": 72, "column": 7 }
        },
        "type": "if",
        "locations": [
          {
            "start": { "line": 70, "column": 6 },
            "end": { "line": 72, "column": 7 }
          },
          { "start": {}, "end": {} }
        ],
        "line": 70
      },
      "7": {
        "loc": {
          "start": { "line": 106, "column": 8 },
          "end": { "line": 151, "column": 9 }
        },
        "type": "if",
        "locations": [
          {
            "start": { "line": 106, "column": 8 },
            "end": { "line": 151, "column": 9 }
          },
          {
            "start": { "line": 109, "column": 15 },
            "end": { "line": 151, "column": 9 }
          }
        ],
        "line": 106
      },
      "8": {
        "loc": {
          "start": { "line": 109, "column": 15 },
          "end": { "line": 151, "column": 9 }
        },
        "type": "if",
        "locations": [
          {
            "start": { "line": 109, "column": 15 },
            "end": { "line": 151, "column": 9 }
          },
          {
            "start": { "line": 117, "column": 15 },
            "end": { "line": 151, "column": 9 }
          }
        ],
        "line": 109
      },
      "9": {
        "loc": {
          "start": { "line": 112, "column": 12 },
          "end": { "line": 113, "column": 33 }
        },
        "type": "if",
        "locations": [
          {
            "start": { "line": 112, "column": 12 },
            "end": { "line": 113, "column": 33 }
          },
          { "start": {}, "end": {} }
        ],
        "line": 112
      },
      "10": {
        "loc": {
          "start": { "line": 125, "column": 12 },
          "end": { "line": 127, "column": 13 }
        },
        "type": "if",
        "locations": [
          {
            "start": { "line": 125, "column": 12 },
            "end": { "line": 127, "column": 13 }
          },
          { "start": {}, "end": {} }
        ],
        "line": 125
      },
      "11": {
        "loc": {
          "start": { "line": 136, "column": 12 },
          "end": { "line": 138, "column": 13 }
        },
        "type": "if",
        "locations": [
          {
            "start": { "line": 136, "column": 12 },
            "end": { "line": 138, "column": 13 }
          },
          { "start": {}, "end": {} }
        ],
        "line": 136
      },
      "12": {
        "loc": {
          "start": { "line": 140, "column": 12 },
          "end": { "line": 145, "column": 13 }
        },
        "type": "if",
        "locations": [
          {
            "start": { "line": 140, "column": 12 },
            "end": { "line": 145, "column": 13 }
          },
          { "start": {}, "end": {} }
        ],
        "line": 140
      },
      "13": {
        "loc": {
          "start": { "line": 141, "column": 14 },
          "end": { "line": 144, "column": 15 }
        },
        "type": "if",
        "locations": [
          {
            "start": { "line": 141, "column": 14 },
            "end": { "line": 144, "column": 15 }
          },
          { "start": {}, "end": {} }
        ],
        "line": 141
      },
      "14": {
        "loc": {
          "start": { "line": 141, "column": 18 },
          "end": { "line": 141, "column": 73 }
        },
        "type": "binary-expr",
        "locations": [
          {
            "start": { "line": 141, "column": 18 },
            "end": { "line": 141, "column": 40 }
          },
          {
            "start": { "line": 141, "column": 44 },
            "end": { "line": 141, "column": 73 }
          }
        ],
        "line": 141
      },
      "15": {
        "loc": {
          "start": { "line": 148, "column": 10 },
          "end": { "line": 150, "column": 11 }
        },
        "type": "if",
        "locations": [
          {
            "start": { "line": 148, "column": 10 },
            "end": { "line": 150, "column": 11 }
          },
          { "start": {}, "end": {} }
        ],
        "line": 148
      },
      "16": {
        "loc": {
          "start": { "line": 170, "column": 6 },
          "end": { "line": 172, "column": 7 }
        },
        "type": "if",
        "locations": [
          {
            "start": { "line": 170, "column": 6 },
            "end": { "line": 172, "column": 7 }
          },
          { "start": {}, "end": {} }
        ],
        "line": 170
      },
      "17": {
        "loc": {
          "start": { "line": 170, "column": 10 },
          "end": { "line": 170, "column": 37 }
        },
        "type": "binary-expr",
        "locations": [
          {
            "start": { "line": 170, "column": 10 },
            "end": { "line": 170, "column": 17 }
          },
          {
            "start": { "line": 170, "column": 21 },
            "end": { "line": 170, "column": 37 }
          }
        ],
        "line": 170
      },
      "18": {
        "loc": {
          "start": { "line": 182, "column": 6 },
          "end": { "line": 226, "column": 7 }
        },
        "type": "if",
        "locations": [
          {
            "start": { "line": 182, "column": 6 },
            "end": { "line": 226, "column": 7 }
          },
          {
            "start": { "line": 185, "column": 13 },
            "end": { "line": 226, "column": 7 }
          }
        ],
        "line": 182
      },
      "19": {
        "loc": {
          "start": { "line": 185, "column": 13 },
          "end": { "line": 226, "column": 7 }
        },
        "type": "if",
        "locations": [
          {
            "start": { "line": 185, "column": 13 },
            "end": { "line": 226, "column": 7 }
          },
          {
            "start": { "line": 193, "column": 13 },
            "end": { "line": 226, "column": 7 }
          }
        ],
        "line": 185
      },
      "20": {
        "loc": {
          "start": { "line": 188, "column": 10 },
          "end": { "line": 189, "column": 31 }
        },
        "type": "if",
        "locations": [
          {
            "start": { "line": 188, "column": 10 },
            "end": { "line": 189, "column": 31 }
          },
          { "start": {}, "end": {} }
        ],
        "line": 188
      },
      "21": {
        "loc": {
          "start": { "line": 200, "column": 10 },
          "end": { "line": 202, "column": 11 }
        },
        "type": "if",
        "locations": [
          {
            "start": { "line": 200, "column": 10 },
            "end": { "line": 202, "column": 11 }
          },
          { "start": {}, "end": {} }
        ],
        "line": 200
      },
      "22": {
        "loc": {
          "start": { "line": 211, "column": 10 },
          "end": { "line": 213, "column": 11 }
        },
        "type": "if",
        "locations": [
          {
            "start": { "line": 211, "column": 10 },
            "end": { "line": 213, "column": 11 }
          },
          { "start": {}, "end": {} }
        ],
        "line": 211
      },
      "23": {
        "loc": {
          "start": { "line": 215, "column": 10 },
          "end": { "line": 220, "column": 11 }
        },
        "type": "if",
        "locations": [
          {
            "start": { "line": 215, "column": 10 },
            "end": { "line": 220, "column": 11 }
          },
          { "start": {}, "end": {} }
        ],
        "line": 215
      },
      "24": {
        "loc": {
          "start": { "line": 216, "column": 12 },
          "end": { "line": 219, "column": 13 }
        },
        "type": "if",
        "locations": [
          {
            "start": { "line": 216, "column": 12 },
            "end": { "line": 219, "column": 13 }
          },
          { "start": {}, "end": {} }
        ],
        "line": 216
      },
      "25": {
        "loc": {
          "start": { "line": 216, "column": 16 },
          "end": { "line": 216, "column": 71 }
        },
        "type": "binary-expr",
        "locations": [
          {
            "start": { "line": 216, "column": 16 },
            "end": { "line": 216, "column": 38 }
          },
          {
            "start": { "line": 216, "column": 42 },
            "end": { "line": 216, "column": 71 }
          }
        ],
        "line": 216
      },
      "26": {
        "loc": {
          "start": { "line": 223, "column": 8 },
          "end": { "line": 225, "column": 9 }
        },
        "type": "if",
        "locations": [
          {
            "start": { "line": 223, "column": 8 },
            "end": { "line": 225, "column": 9 }
          },
          { "start": {}, "end": {} }
        ],
        "line": 223
      }
    },
    "s": {
      "0": 1,
      "1": 1,
      "2": 3,
      "3": 3,
      "4": 1,
      "5": 2,
      "6": 2,
      "7": 2,
      "8": 1,
      "9": 1,
      "10": 3,
      "11": 3,
      "12": 2,
      "13": 1,
      "14": 1,
      "15": 2,
      "16": 2,
      "17": 2,
      "18": 2,
      "19": 2,
      "20": 2,
      "21": 1,
      "22": 1,
      "23": 1,
      "24": 1,
      "25": 1,
      "26": 1,
      "27": 1,
      "28": 1,
      "29": 1,
      "30": 1,
      "31": 3,
      "32": 3,
      "33": 2,
      "34": 1,
      "35": 1,
      "36": 2,
      "37": 2,
      "38": 2,
      "39": 2,
      "40": 2,
      "41": 2,
      "42": 2,
      "43": 2,
      "44": 2,
      "45": 1,
      "46": 1,
      "47": 1,
      "48": 1,
      "49": 1,
      "50": 0,
      "51": 0,
      "52": 0,
      "53": 0,
      "54": 0,
      "55": 0,
      "56": 0,
      "57": 0,
      "58": 0,
      "59": 0,
      "60": 0,
      "61": 0,
      "62": 0,
      "63": 0,
      "64": 0,
      "65": 0,
      "66": 0,
      "67": 0,
      "68": 0,
      "69": 0,
      "70": 0,
      "71": 0,
      "72": 0,
      "73": 0,
      "74": 0,
      "75": 0,
      "76": 0,
      "77": 1,
      "78": 1,
      "79": 1,
      "80": 6,
      "81": 6,
      "82": 5,
      "83": 5,
      "84": 2,
      "85": 3,
      "86": 3,
      "87": 3,
      "88": 5,
      "89": 5,
      "90": 3,
      "91": 3,
      "92": 1,
      "93": 1,
      "94": 2,
      "95": 1,
      "96": 1,
      "97": 1,
      "98": 0,
      "99": 1,
      "100": 1,
      "101": 1,
      "102": 1,
      "103": 1,
      "104": 1,
      "105": 1,
      "106": 3,
      "107": 1,
      "108": 1,
      "109": 1,
      "110": 1,
      "111": 1,
      "112": 3,
      "113": 1,
      "114": 3,
      "115": 2,
      "116": 1,
      "117": 1,
      "118": 1,
      "119": 1,
      "120": 3,
      "121": 3,
      "122": 1
    },
    "f": { "0": 3, "1": 2, "2": 3, "3": 2, "4": 3, "5": 2, "6": 1, "7": 6 },
    "b": {
      "0": [1, 1],
      "1": [1, 1],
      "2": [1, 0],
      "3": [1, 0],
      "4": [1, 0],
      "5": [1, 0],
      "6": [1, 1],
      "7": [1, 0],
      "8": [0, 0],
      "9": [0, 0],
      "10": [0, 0],
      "11": [0, 0],
      "12": [0, 0],
      "13": [0, 0],
      "14": [0, 0],
      "15": [0, 0],
      "16": [2, 3],
      "17": [5, 4],
      "18": [1, 2],
      "19": [1, 1],
      "20": [0, 1],
      "21": [1, 2],
      "22": [1, 2],
      "23": [2, 1],
      "24": [1, 1],
      "25": [2, 2],
      "26": [1, 0]
    },
    "_coverageSchema": "1a1c01bbd47fc00a2c39e90264f33305004495a9",
    "hash": "7071ee9d21e7923e976968ca82f86100fa276666"
  },
  "C:\\Users\\ravi.rajesh\\Desktop\\monk\\src\\models\\couponModel.js": {
    "path": "C:\\Users\\ravi.rajesh\\Desktop\\monk\\src\\models\\couponModel.js",
    "statementMap": {
      "0": {
        "start": { "line": 1, "column": 22 },
        "end": { "line": 1, "column": 42 }
      },
      "1": {
        "start": { "line": 2, "column": 22 },
        "end": { "line": 2, "column": 38 }
      },
      "2": {
        "start": { "line": 4, "column": 21 },
        "end": { "line": 31, "column": 1 }
      },
      "3": {
        "start": { "line": 33, "column": 0 },
        "end": { "line": 33, "column": 34 }
      }
    },
    "fnMap": {},
    "branchMap": {},
    "s": { "0": 1, "1": 1, "2": 1, "3": 1 },
    "f": {},
    "b": {},
    "_coverageSchema": "1a1c01bbd47fc00a2c39e90264f33305004495a9",
    "hash": "8836d34e70d8f64ea5325333bae62433320972ea"
  }
}
