TN:
SF:src\db.js
FN:15,(anonymous_0)
FNF:1
FNH:0
FNDA:0,(anonymous_0)
DA:1,1
DA:2,1
DA:4,1
DA:15,1
DA:16,0
DA:17,0
DA:18,0
DA:20,0
DA:24,1
LF:9
LH:5
BRF:0
BRH:0
end_of_record
TN:
SF:src\controllers\couponController.js
FN:5,(anonymous_0)
FN:14,(anonymous_1)
FN:23,(anonymous_2)
FN:35,(anonymous_3)
FN:65,(anonymous_4)
FN:79,(anonymous_5)
FN:104,(anonymous_6)
FN:165,(anonymous_7)
FNF:8
FNH:8
FNDA:3,(anonymous_0)
FNDA:2,(anonymous_1)
FNDA:3,(anonymous_2)
FNDA:2,(anonymous_3)
FNDA:3,(anonymous_4)
FNDA:2,(anonymous_5)
FNDA:1,(anonymous_6)
FNDA:6,(anonymous_7)
DA:1,1
DA:2,1
DA:6,3
DA:7,3
DA:8,1
DA:10,2
DA:15,2
DA:16,2
DA:17,1
DA:19,1
DA:24,3
DA:25,3
DA:26,2
DA:27,1
DA:29,1
DA:31,2
DA:36,2
DA:37,2
DA:38,2
DA:40,2
DA:41,2
DA:42,1
DA:45,1
DA:46,1
DA:47,1
DA:48,1
DA:53,1
DA:56,1
DA:57,1
DA:58,1
DA:61,1
DA:66,3
DA:67,3
DA:70,2
DA:71,1
DA:73,1
DA:75,2
DA:80,2
DA:81,2
DA:82,2
DA:83,2
DA:84,2
DA:85,2
DA:86,2
DA:89,2
DA:104,1
DA:105,1
DA:106,1
DA:107,1
DA:108,1
DA:109,0
DA:110,0
DA:111,0
DA:112,0
DA:113,0
DA:115,0
DA:116,0
DA:118,0
DA:119,0
DA:120,0
DA:121,0
DA:122,0
DA:124,0
DA:125,0
DA:126,0
DA:130,0
DA:132,0
DA:133,0
DA:135,0
DA:136,0
DA:137,0
DA:140,0
DA:141,0
DA:142,0
DA:143,0
DA:148,0
DA:149,0
DA:152,1
DA:159,1
DA:161,1
DA:166,6
DA:167,6
DA:168,5
DA:170,5
DA:171,2
DA:174,3
DA:175,3
DA:176,3
DA:177,5
DA:178,5
DA:181,3
DA:182,3
DA:183,1
DA:184,1
DA:185,2
DA:186,1
DA:187,1
DA:188,1
DA:189,0
DA:191,1
DA:192,1
DA:194,1
DA:195,1
DA:196,1
DA:197,1
DA:199,1
DA:200,3
DA:201,1
DA:205,1
DA:207,1
DA:208,1
DA:210,1
DA:211,3
DA:212,1
DA:215,3
DA:216,2
DA:217,1
DA:218,1
DA:223,1
DA:224,1
DA:228,3
DA:234,3
DA:239,1
LF:123
LH:95
BRDA:26,0,0,1
BRDA:26,0,1,1
BRDA:41,1,0,1
BRDA:41,1,1,1
BRDA:45,2,0,1
BRDA:45,2,1,0
BRDA:46,3,0,1
BRDA:46,3,1,0
BRDA:47,4,0,1
BRDA:47,4,1,0
BRDA:56,5,0,1
BRDA:56,5,1,0
BRDA:70,6,0,1
BRDA:70,6,1,1
BRDA:106,7,0,1
BRDA:106,7,1,0
BRDA:109,8,0,0
BRDA:109,8,1,0
BRDA:112,9,0,0
BRDA:112,9,1,0
BRDA:125,10,0,0
BRDA:125,10,1,0
BRDA:136,11,0,0
BRDA:136,11,1,0
BRDA:140,12,0,0
BRDA:140,12,1,0
BRDA:141,13,0,0
BRDA:141,13,1,0
BRDA:141,14,0,0
BRDA:141,14,1,0
BRDA:148,15,0,0
BRDA:148,15,1,0
BRDA:170,16,0,2
BRDA:170,16,1,3
BRDA:170,17,0,5
BRDA:170,17,1,4
BRDA:182,18,0,1
BRDA:182,18,1,2
BRDA:185,19,0,1
BRDA:185,19,1,1
BRDA:188,20,0,0
BRDA:188,20,1,1
BRDA:200,21,0,1
BRDA:200,21,1,2
BRDA:211,22,0,1
BRDA:211,22,1,2
BRDA:215,23,0,2
BRDA:215,23,1,1
BRDA:216,24,0,1
BRDA:216,24,1,1
BRDA:216,25,0,2
BRDA:216,25,1,2
BRDA:223,26,0,1
BRDA:223,26,1,0
BRF:54
BRH:31
end_of_record
TN:
SF:src\models\couponModel.js
FNF:0
FNH:0
DA:1,1
DA:2,1
DA:4,1
DA:33,1
LF:4
LH:4
BRF:0
BRH:0
end_of_record
